     1                                  ;exabyte.asm
     2                                  section .data
     3 00000000 7B                          bNum    db  123
     4 00000001 3930                        wNum    dw  12345
     5 00000003 0000<rep 5h>                warray  times   5   dw  0
     6 0000000D 39300000                    dNum    dd  12345
     7 00000011 3930000000000000            dNum1   dq  12345
     8 00000019 61626300                    text1   db  "abc",0
     9 0000001D 50455254FB210940            qNum2   dq  3.141592654
    10 00000025 63646500                    text2   db  "cde",0
    11                                      
    12                                  section .bss
    13 00000000 ??                          bvar    resb    1
    14 00000001 ????????                    dvar    resd    1
    15 00000005 <res 14h>                   wvar    resw    10
    16 00000019 <res 18h>                   qvar    resq    3
    17                                      
    18                                  section .text
    19                                      global main
    20                                  main:
    21 00000000 55                          push    rbp             ; Push the value of RBP onto the stack
    22 00000001 4889E5                      mov     rbp, rsp        ; Move the value of RSP int RBP
    23 00000004 488D0425[00000000]          lea     rax, [bNum]     ; Load the memory adress of bNum into RAX
    24 0000000C 48B8-                       mov     rax, bNum       ; Load the value stored at bNum into RAX
    24 0000000E [0000000000000000] 
    25 00000016 488B0425[00000000]          mov     rax, [bNum]     ; Load the value stored at the memory address stored in bNum into RAX
    26 0000001E 48890425[00000000]          mov     [bvar], rax     ; Store the value in RAX at the memory address of BVAR
    27 00000026 488D0425[00000000]          lea     rax, [bvar]     ; Load the memory address of BVAR into RAX
    28 0000002E 488D0425[01000000]          lea     rax, [wNum]     ; Load the memory address of wNum into RAX
    29 00000036 488B0425[01000000]          mov     rax, [wNum]     ; Load the value stored in wNum into RAX
    30 0000003E 488D0425[19000000]          lea     rax, [text1]    ; Load the memory address of TEXT1 into RAX
    31 00000046 48B8-                       mov     rax, text1      ; Load the memory address of TEXT1 into RAX
    31 00000048 [1900000000000000] 
    32 00000050 48B8-                       mov     rax, text1+1    ; Load the value at the second character of TEXT1 into RAX
    32 00000052 [1A00000000000000] 
    33 0000005A 488D0425[1A000000]          lea     rax, [text1+1]  ; Load the memory address of the second character of TEXT1 into RAX
    34 00000062 488B0425[19000000]          mov     rax, [text1]    ; Load the value stored at the memory address of TEXT1 into RAX
    35 0000006A 488B0425[1A000000]          mov     rax, [text1+1]  ; Load the value stored at the memory address of TEXT1+1 into RAX
    36 00000072 4889EC                      mov     rsp, rbp        ; Restore the value of RSP from RBP (clean up the stack frame)
    37 00000075 5D                          pop     rbp             ; Pop the value of rbp from the stack
    38 00000076 C3                          ret                     ; RETURN FROM THE FUNCTION    
