     1                                  extern printf
     2                                  
     3                                  section .data
     4 00000000 80F0FA0200000000            num     dq  50000000                   ;8 bytes quadword
     5 00000008 5468652073756D2066-         fmt     db  "The sum from 0 to %ld is %ld",10,0
     5 00000011 726F6D203020746F20-
     5 0000001A 256C6420697320256C-
     5 00000023 640A00             
     6                                      
     7                                  section .bss
     8                                      
     9                                  section .text
    10                                      global main
    11                                  main:
    12 00000000 55                          push    rbp
    13 00000001 4889E5                      mov     rbp, rsp
    14                                      
    15 00000004 488B0C25[00000000]          mov     rcx, [num]
    16 0000000C B800000000                  mov     rax, 0
    17                                      
    18                                  bloop:  
    19 00000011 4801C8                      add     rax, rcx
    20 00000014 E2FB                        loop    bloop
    21 00000016 48BF-                       mov     rdi, fmt
    21 00000018 [0800000000000000] 
    22 00000020 488B3425[00000000]          mov     rsi, [num]
    23 00000028 4889C2                      mov     rdx, rax
    24 0000002B B800000000                  mov     rax, 0
    25                                      
    26                                      
    27 00000030 E8(00000000)                call    printf
    28                                      
    29 00000035 4889EC                      mov     rsp, rbp
    30 00000038 5D                          pop     rbp
    31 00000039 C3                          ret
    32                                      
